<?xml version="1.0" encoding="UTF-8"?>
<robot generator="Robot 3.1 (Python 3.7.1 on win32)" generated="20190103 12:05:53.174" rpa="false">
<suite id="s1" name="BehanceKeyFeaturesTests" source="D:\Dokumenty\automation projects\automateBehance\BehanceKeyFeaturesTests.robot">
<test id="s1-t1" name="Discover Random Project">
<kw name="Open Browser to Home Page" library="BehanceKeywords" type="setup">
<kw name="Open Browser" library="SeleniumLibrary">
<doc>Opens a new browser instance to the given ``url``.</doc>
<arguments>
<arg>${APP URL}</arg>
<arg>${BROWSER}</arg>
</arguments>
<msg timestamp="20190103 12:05:53.335" level="INFO">Opening browser 'Chrome' to base url 'https://www.behance.net/'.</msg>
<status status="PASS" starttime="20190103 12:05:53.334" endtime="20190103 12:05:55.895"></status>
</kw>
<kw name="Maximize Browser Window" library="SeleniumLibrary">
<doc>Maximizes current browser window.</doc>
<status status="PASS" starttime="20190103 12:05:55.895" endtime="20190103 12:05:58.269"></status>
</kw>
<kw name="Set Selenium Speed" library="SeleniumLibrary">
<doc>Sets the delay that is waited after each Selenium command.</doc>
<arguments>
<arg>${DELAY}</arg>
</arguments>
<status status="PASS" starttime="20190103 12:05:58.269" endtime="20190103 12:05:58.270"></status>
</kw>
<kw name="Get Element Count" library="SeleniumLibrary">
<doc>Returns number of elements matching ``locator``.</doc>
<arguments>
<arg>${ACCEPT COOKIES BUTTON}</arg>
</arguments>
<assign>
<var>${count}</var>
</assign>
<msg timestamp="20190103 12:05:58.287" level="INFO">${count} = 1</msg>
<status status="PASS" starttime="20190103 12:05:58.270" endtime="20190103 12:05:58.287"></status>
</kw>
<kw name="Run Keyword If" library="BuiltIn">
<doc>Runs the given keyword with the given arguments, if ``condition`` is true.</doc>
<arguments>
<arg>${count} &gt; 0</arg>
<arg>Accept Cookies Message</arg>
</arguments>
<kw name="Accept Cookies Message" library="BehanceKeywords">
<kw name="Click Button" library="SeleniumLibrary">
<doc>Clicks button identified by ``locator``.</doc>
<arguments>
<arg>${ACCEPT COOKIES BUTTON}</arg>
</arguments>
<msg timestamp="20190103 12:05:58.288" level="INFO">Clicking button '//button[@id='_evidon-accept-button']'.</msg>
<status status="PASS" starttime="20190103 12:05:58.288" endtime="20190103 12:05:58.361"></status>
</kw>
<status status="PASS" starttime="20190103 12:05:58.287" endtime="20190103 12:05:58.361"></status>
</kw>
<status status="PASS" starttime="20190103 12:05:58.287" endtime="20190103 12:05:58.361"></status>
</kw>
<kw name="Get Window Titles" library="SeleniumLibrary">
<doc>Returns and logs titles of all known browser windows.</doc>
<msg timestamp="20190103 12:05:58.390" level="INFO">Altogether 1 item.
1: Behance :: Najlepsze w Behance</msg>
<status status="PASS" starttime="20190103 12:05:58.362" endtime="20190103 12:05:58.390"></status>
</kw>
<status status="PASS" starttime="20190103 12:05:53.334" endtime="20190103 12:05:58.391"></status>
</kw>
<kw name="Go To Featured Page" library="BehanceKeywords">
<kw name="Click Element" library="SeleniumLibrary">
<doc>Click element identified by ``locator``.</doc>
<arguments>
<arg>${GLO FEATURED SECTION}</arg>
</arguments>
<msg timestamp="20190103 12:05:58.392" level="INFO">Clicking element '//li/a[contains(@class,'rf-primary-nav__link')][contains(@href,'featured')]'.</msg>
<status status="PASS" starttime="20190103 12:05:58.391" endtime="20190103 12:05:59.493"></status>
</kw>
<kw name="Page Should Contain Element" library="SeleniumLibrary">
<doc>Verifies that element ``locator`` is found on the current page.</doc>
<arguments>
<arg>${FEAT PROJECT COVERS}</arg>
</arguments>
<msg timestamp="20190103 12:05:59.510" level="INFO">Current page contains element '//a[contains(@class,'rf-project-cover__title')]'.</msg>
<status status="PASS" starttime="20190103 12:05:59.493" endtime="20190103 12:05:59.510"></status>
</kw>
<status status="PASS" starttime="20190103 12:05:58.391" endtime="20190103 12:05:59.510"></status>
</kw>
<kw name="Choose Random Project" library="BehanceKeywords">
<kw name="Evaluate" library="BuiltIn">
<doc>Evaluates the given expression in Python and returns the results.</doc>
<arguments>
<arg>random.randint(0,10)</arg>
<arg>modules=random</arg>
</arguments>
<assign>
<var>${random int}</var>
</assign>
<msg timestamp="20190103 12:05:59.511" level="INFO">${random int} = 2</msg>
<status status="PASS" starttime="20190103 12:05:59.511" endtime="20190103 12:05:59.511"></status>
</kw>
<kw name="Click Element" library="SeleniumLibrary">
<doc>Click element identified by ``locator``.</doc>
<arguments>
<arg>(${FEAT PROJECT COVERS})[${random int}]</arg>
</arguments>
<msg timestamp="20190103 12:05:59.512" level="INFO">Clicking element '(//a[contains(@class,'rf-project-cover__title')])[2]'.</msg>
<status status="PASS" starttime="20190103 12:05:59.511" endtime="20190103 12:05:59.647"></status>
</kw>
<status status="PASS" starttime="20190103 12:05:59.510" endtime="20190103 12:05:59.648"></status>
</kw>
<kw name="View Details Of Project" library="BehanceKeywords">
<kw name="Wait Until Page Contains Element" library="SeleniumLibrary">
<doc>Waits until element ``locator`` appears on current page.</doc>
<arguments>
<arg>${PROJECT CONTENT COMMENTS SECTION}</arg>
</arguments>
<status status="PASS" starttime="20190103 12:05:59.648" endtime="20190103 12:06:00.211"></status>
</kw>
<kw name="Page Should Contain Element" library="SeleniumLibrary">
<doc>Verifies that element ``locator`` is found on the current page.</doc>
<arguments>
<arg>${PROJECT CONTENT PROJECT TITLE}</arg>
</arguments>
<msg timestamp="20190103 12:06:00.302" level="INFO">Current page contains element '//div[contains(@class,'project-title')]'.</msg>
<status status="PASS" starttime="20190103 12:06:00.211" endtime="20190103 12:06:00.302"></status>
</kw>
<kw name="Capture Page Screenshot" library="SeleniumLibrary">
<doc>Takes screenshot of the current page and embeds it into log file.</doc>
<msg timestamp="20190103 12:06:00.681" level="INFO" html="yes">&lt;/td&gt;&lt;/tr&gt;&lt;tr&gt;&lt;td colspan="3"&gt;&lt;a href="Screenshot/selenium-screenshot-79.png"&gt;&lt;img src="Screenshot/selenium-screenshot-79.png" width="800px"&gt;&lt;/a&gt;</msg>
<status status="PASS" starttime="20190103 12:06:00.302" endtime="20190103 12:06:00.681"></status>
</kw>
<kw name="Scroll Element Into View" library="SeleniumLibrary">
<doc>Scrolls an element identified by ``locator`` into view.</doc>
<arguments>
<arg>${PROJECT CONTENT COMMENTS SECTION}</arg>
</arguments>
<status status="PASS" starttime="20190103 12:06:00.681" endtime="20190103 12:06:00.727"></status>
</kw>
<kw name="Scroll Element Into View" library="SeleniumLibrary">
<doc>Scrolls an element identified by ``locator`` into view.</doc>
<arguments>
<arg>${PROJECT CONTENT PROJECT TITLE}</arg>
</arguments>
<status status="PASS" starttime="20190103 12:06:00.728" endtime="20190103 12:06:00.773"></status>
</kw>
<status status="PASS" starttime="20190103 12:05:59.648" endtime="20190103 12:06:00.773"></status>
</kw>
<kw name="Close Project Details" library="BehanceKeywords">
<kw name="Click Element" library="SeleniumLibrary">
<doc>Click element identified by ``locator``.</doc>
<arguments>
<arg>${PROJECT CLOSE BUTTON}</arg>
</arguments>
<msg timestamp="20190103 12:06:00.775" level="INFO">Clicking element '//div[@class='js-close-dialog']/*[contains(@class,'rf-icon')]'.</msg>
<status status="PASS" starttime="20190103 12:06:00.774" endtime="20190103 12:06:00.911"></status>
</kw>
<kw name="Capture Page Screenshot" library="SeleniumLibrary">
<doc>Takes screenshot of the current page and embeds it into log file.</doc>
<msg timestamp="20190103 12:06:01.600" level="INFO" html="yes">&lt;/td&gt;&lt;/tr&gt;&lt;tr&gt;&lt;td colspan="3"&gt;&lt;a href="Screenshot/selenium-screenshot-80.png"&gt;&lt;img src="Screenshot/selenium-screenshot-80.png" width="800px"&gt;&lt;/a&gt;</msg>
<status status="PASS" starttime="20190103 12:06:00.912" endtime="20190103 12:06:01.601"></status>
</kw>
<status status="PASS" starttime="20190103 12:06:00.774" endtime="20190103 12:06:01.601"></status>
</kw>
<kw name="Close Browser" library="SeleniumLibrary" type="teardown">
<doc>Closes the current browser.</doc>
<status status="PASS" starttime="20190103 12:06:01.601" endtime="20190103 12:06:03.775"></status>
</kw>
<tags>
<tag>Discover</tag>
</tags>
<timeout value="15 seconds"></timeout>
<status status="PASS" starttime="20190103 12:05:53.333" endtime="20190103 12:06:03.775" critical="yes"></status>
</test>
<test id="s1-t2" name="Discover Specific Project">
<kw name="Open Browser to Home Page" library="BehanceKeywords" type="setup">
<kw name="Open Browser" library="SeleniumLibrary">
<doc>Opens a new browser instance to the given ``url``.</doc>
<arguments>
<arg>${APP URL}</arg>
<arg>${BROWSER}</arg>
</arguments>
<msg timestamp="20190103 12:06:03.779" level="INFO">Opening browser 'Chrome' to base url 'https://www.behance.net/'.</msg>
<status status="PASS" starttime="20190103 12:06:03.777" endtime="20190103 12:06:06.283"></status>
</kw>
<kw name="Maximize Browser Window" library="SeleniumLibrary">
<doc>Maximizes current browser window.</doc>
<status status="PASS" starttime="20190103 12:06:06.283" endtime="20190103 12:06:08.537"></status>
</kw>
<kw name="Set Selenium Speed" library="SeleniumLibrary">
<doc>Sets the delay that is waited after each Selenium command.</doc>
<arguments>
<arg>${DELAY}</arg>
</arguments>
<status status="PASS" starttime="20190103 12:06:08.538" endtime="20190103 12:06:08.538"></status>
</kw>
<kw name="Get Element Count" library="SeleniumLibrary">
<doc>Returns number of elements matching ``locator``.</doc>
<arguments>
<arg>${ACCEPT COOKIES BUTTON}</arg>
</arguments>
<assign>
<var>${count}</var>
</assign>
<msg timestamp="20190103 12:06:08.555" level="INFO">${count} = 1</msg>
<status status="PASS" starttime="20190103 12:06:08.539" endtime="20190103 12:06:08.555"></status>
</kw>
<kw name="Run Keyword If" library="BuiltIn">
<doc>Runs the given keyword with the given arguments, if ``condition`` is true.</doc>
<arguments>
<arg>${count} &gt; 0</arg>
<arg>Accept Cookies Message</arg>
</arguments>
<kw name="Accept Cookies Message" library="BehanceKeywords">
<kw name="Click Button" library="SeleniumLibrary">
<doc>Clicks button identified by ``locator``.</doc>
<arguments>
<arg>${ACCEPT COOKIES BUTTON}</arg>
</arguments>
<msg timestamp="20190103 12:06:08.557" level="INFO">Clicking button '//button[@id='_evidon-accept-button']'.</msg>
<status status="PASS" starttime="20190103 12:06:08.556" endtime="20190103 12:06:08.631"></status>
</kw>
<status status="PASS" starttime="20190103 12:06:08.556" endtime="20190103 12:06:08.631"></status>
</kw>
<status status="PASS" starttime="20190103 12:06:08.556" endtime="20190103 12:06:08.632"></status>
</kw>
<kw name="Get Window Titles" library="SeleniumLibrary">
<doc>Returns and logs titles of all known browser windows.</doc>
<msg timestamp="20190103 12:06:08.656" level="INFO">Altogether 1 item.
1: Behance :: Najlepsze w Behance</msg>
<status status="PASS" starttime="20190103 12:06:08.632" endtime="20190103 12:06:08.656"></status>
</kw>
<status status="PASS" starttime="20190103 12:06:03.777" endtime="20190103 12:06:08.656"></status>
</kw>
<kw name="Go To Featured Page" library="BehanceKeywords">
<kw name="Click Element" library="SeleniumLibrary">
<doc>Click element identified by ``locator``.</doc>
<arguments>
<arg>${GLO FEATURED SECTION}</arg>
</arguments>
<msg timestamp="20190103 12:06:08.657" level="INFO">Clicking element '//li/a[contains(@class,'rf-primary-nav__link')][contains(@href,'featured')]'.</msg>
<status status="PASS" starttime="20190103 12:06:08.657" endtime="20190103 12:06:09.788"></status>
</kw>
<kw name="Page Should Contain Element" library="SeleniumLibrary">
<doc>Verifies that element ``locator`` is found on the current page.</doc>
<arguments>
<arg>${FEAT PROJECT COVERS}</arg>
</arguments>
<msg timestamp="20190103 12:06:09.804" level="INFO">Current page contains element '//a[contains(@class,'rf-project-cover__title')]'.</msg>
<status status="PASS" starttime="20190103 12:06:09.788" endtime="20190103 12:06:09.804"></status>
</kw>
<status status="PASS" starttime="20190103 12:06:08.656" endtime="20190103 12:06:09.804"></status>
</kw>
<kw name="Choose Specific Project" library="BehanceKeywords">
<doc>Choose number from 0 to 10. Larger numbers would require scrolling element into view which is not implemented.</doc>
<arguments>
<arg>10</arg>
</arguments>
<kw name="Click Element" library="SeleniumLibrary">
<doc>Click element identified by ``locator``.</doc>
<arguments>
<arg>(${FEAT PROJECT COVERS})[${projectnumber}]</arg>
</arguments>
<msg timestamp="20190103 12:06:09.805" level="INFO">Clicking element '(//a[contains(@class,'rf-project-cover__title')])[10]'.</msg>
<status status="PASS" starttime="20190103 12:06:09.805" endtime="20190103 12:06:09.941"></status>
</kw>
<status status="PASS" starttime="20190103 12:06:09.804" endtime="20190103 12:06:09.941"></status>
</kw>
<kw name="View Details Of Project" library="BehanceKeywords">
<kw name="Wait Until Page Contains Element" library="SeleniumLibrary">
<doc>Waits until element ``locator`` appears on current page.</doc>
<arguments>
<arg>${PROJECT CONTENT COMMENTS SECTION}</arg>
</arguments>
<status status="PASS" starttime="20190103 12:06:09.942" endtime="20190103 12:06:10.585"></status>
</kw>
<kw name="Page Should Contain Element" library="SeleniumLibrary">
<doc>Verifies that element ``locator`` is found on the current page.</doc>
<arguments>
<arg>${PROJECT CONTENT PROJECT TITLE}</arg>
</arguments>
<msg timestamp="20190103 12:06:10.666" level="INFO">Current page contains element '//div[contains(@class,'project-title')]'.</msg>
<status status="PASS" starttime="20190103 12:06:10.586" endtime="20190103 12:06:10.666"></status>
</kw>
<kw name="Capture Page Screenshot" library="SeleniumLibrary">
<doc>Takes screenshot of the current page and embeds it into log file.</doc>
<msg timestamp="20190103 12:06:11.511" level="INFO" html="yes">&lt;/td&gt;&lt;/tr&gt;&lt;tr&gt;&lt;td colspan="3"&gt;&lt;a href="Screenshot/selenium-screenshot-81.png"&gt;&lt;img src="Screenshot/selenium-screenshot-81.png" width="800px"&gt;&lt;/a&gt;</msg>
<status status="PASS" starttime="20190103 12:06:10.666" endtime="20190103 12:06:11.511"></status>
</kw>
<kw name="Scroll Element Into View" library="SeleniumLibrary">
<doc>Scrolls an element identified by ``locator`` into view.</doc>
<arguments>
<arg>${PROJECT CONTENT COMMENTS SECTION}</arg>
</arguments>
<status status="PASS" starttime="20190103 12:06:11.512" endtime="20190103 12:06:11.572"></status>
</kw>
<kw name="Scroll Element Into View" library="SeleniumLibrary">
<doc>Scrolls an element identified by ``locator`` into view.</doc>
<arguments>
<arg>${PROJECT CONTENT PROJECT TITLE}</arg>
</arguments>
<status status="PASS" starttime="20190103 12:06:11.572" endtime="20190103 12:06:11.606"></status>
</kw>
<status status="PASS" starttime="20190103 12:06:09.941" endtime="20190103 12:06:11.606"></status>
</kw>
<kw name="Close Project Details" library="BehanceKeywords">
<kw name="Click Element" library="SeleniumLibrary">
<doc>Click element identified by ``locator``.</doc>
<arguments>
<arg>${PROJECT CLOSE BUTTON}</arg>
</arguments>
<msg timestamp="20190103 12:06:11.607" level="INFO">Clicking element '//div[@class='js-close-dialog']/*[contains(@class,'rf-icon')]'.</msg>
<status status="PASS" starttime="20190103 12:06:11.607" endtime="20190103 12:06:11.732"></status>
</kw>
<kw name="Capture Page Screenshot" library="SeleniumLibrary">
<doc>Takes screenshot of the current page and embeds it into log file.</doc>
<msg timestamp="20190103 12:06:12.382" level="INFO" html="yes">&lt;/td&gt;&lt;/tr&gt;&lt;tr&gt;&lt;td colspan="3"&gt;&lt;a href="Screenshot/selenium-screenshot-82.png"&gt;&lt;img src="Screenshot/selenium-screenshot-82.png" width="800px"&gt;&lt;/a&gt;</msg>
<status status="PASS" starttime="20190103 12:06:11.732" endtime="20190103 12:06:12.382"></status>
</kw>
<status status="PASS" starttime="20190103 12:06:11.606" endtime="20190103 12:06:12.382"></status>
</kw>
<kw name="Close Browser" library="SeleniumLibrary" type="teardown">
<doc>Closes the current browser.</doc>
<status status="PASS" starttime="20190103 12:06:12.383" endtime="20190103 12:06:14.566"></status>
</kw>
<tags>
<tag>Discover</tag>
</tags>
<timeout value="15 seconds"></timeout>
<status status="PASS" starttime="20190103 12:06:03.776" endtime="20190103 12:06:14.566" critical="yes"></status>
</test>
<test id="s1-t3" name="Browse Careers Page">
<kw name="Open Browser to Home Page" library="BehanceKeywords" type="setup">
<kw name="Open Browser" library="SeleniumLibrary">
<doc>Opens a new browser instance to the given ``url``.</doc>
<arguments>
<arg>${APP URL}</arg>
<arg>${BROWSER}</arg>
</arguments>
<msg timestamp="20190103 12:06:14.569" level="INFO">Opening browser 'Chrome' to base url 'https://www.behance.net/'.</msg>
<status status="PASS" starttime="20190103 12:06:14.568" endtime="20190103 12:06:17.040"></status>
</kw>
<kw name="Maximize Browser Window" library="SeleniumLibrary">
<doc>Maximizes current browser window.</doc>
<status status="PASS" starttime="20190103 12:06:17.041" endtime="20190103 12:06:19.355"></status>
</kw>
<kw name="Set Selenium Speed" library="SeleniumLibrary">
<doc>Sets the delay that is waited after each Selenium command.</doc>
<arguments>
<arg>${DELAY}</arg>
</arguments>
<status status="PASS" starttime="20190103 12:06:19.355" endtime="20190103 12:06:19.356"></status>
</kw>
<kw name="Get Element Count" library="SeleniumLibrary">
<doc>Returns number of elements matching ``locator``.</doc>
<arguments>
<arg>${ACCEPT COOKIES BUTTON}</arg>
</arguments>
<assign>
<var>${count}</var>
</assign>
<msg timestamp="20190103 12:06:19.372" level="INFO">${count} = 1</msg>
<status status="PASS" starttime="20190103 12:06:19.356" endtime="20190103 12:06:19.372"></status>
</kw>
<kw name="Run Keyword If" library="BuiltIn">
<doc>Runs the given keyword with the given arguments, if ``condition`` is true.</doc>
<arguments>
<arg>${count} &gt; 0</arg>
<arg>Accept Cookies Message</arg>
</arguments>
<kw name="Accept Cookies Message" library="BehanceKeywords">
<kw name="Click Button" library="SeleniumLibrary">
<doc>Clicks button identified by ``locator``.</doc>
<arguments>
<arg>${ACCEPT COOKIES BUTTON}</arg>
</arguments>
<msg timestamp="20190103 12:06:19.374" level="INFO">Clicking button '//button[@id='_evidon-accept-button']'.</msg>
<status status="PASS" starttime="20190103 12:06:19.373" endtime="20190103 12:06:19.445"></status>
</kw>
<status status="PASS" starttime="20190103 12:06:19.373" endtime="20190103 12:06:19.445"></status>
</kw>
<status status="PASS" starttime="20190103 12:06:19.373" endtime="20190103 12:06:19.445"></status>
</kw>
<kw name="Get Window Titles" library="SeleniumLibrary">
<doc>Returns and logs titles of all known browser windows.</doc>
<msg timestamp="20190103 12:06:19.472" level="INFO">Altogether 1 item.
1: Behance :: Najlepsze w Behance</msg>
<status status="PASS" starttime="20190103 12:06:19.446" endtime="20190103 12:06:19.472"></status>
</kw>
<status status="PASS" starttime="20190103 12:06:14.568" endtime="20190103 12:06:19.472"></status>
</kw>
<kw name="Go To Careers Page" library="BehanceKeywords">
<kw name="Click Element" library="SeleniumLibrary">
<doc>Click element identified by ``locator``.</doc>
<arguments>
<arg>${GLO CAREERS SECTION}</arg>
</arguments>
<msg timestamp="20190103 12:06:19.474" level="INFO">Clicking element '//li/a[contains(@class,'rf-primary-nav__link')][contains(@href,'joblist')]'.</msg>
<status status="PASS" starttime="20190103 12:06:19.473" endtime="20190103 12:06:20.700"></status>
</kw>
<kw name="Page Should Contain Element" library="SeleniumLibrary">
<doc>Verifies that element ``locator`` is found on the current page.</doc>
<arguments>
<arg>${GLO CAREERS SECTION}</arg>
</arguments>
<msg timestamp="20190103 12:06:20.708" level="INFO">Current page contains element '//li/a[contains(@class,'rf-primary-nav__link')][contains(@href,'joblist')]'.</msg>
<status status="PASS" starttime="20190103 12:06:20.700" endtime="20190103 12:06:20.708"></status>
</kw>
<status status="PASS" starttime="20190103 12:06:19.473" endtime="20190103 12:06:20.709"></status>
</kw>
<kw name="Close Browser" library="SeleniumLibrary" type="teardown">
<doc>Closes the current browser.</doc>
<status status="PASS" starttime="20190103 12:06:20.709" endtime="20190103 12:06:22.921"></status>
</kw>
<tags>
<tag>Careers</tag>
</tags>
<timeout value="15 seconds"></timeout>
<status status="PASS" starttime="20190103 12:06:14.567" endtime="20190103 12:06:22.921" critical="yes"></status>
</test>
<test id="s1-t4" name="Search Behance">
<kw name="Open Browser to Home Page" library="BehanceKeywords" type="setup">
<kw name="Open Browser" library="SeleniumLibrary">
<doc>Opens a new browser instance to the given ``url``.</doc>
<arguments>
<arg>${APP URL}</arg>
<arg>${BROWSER}</arg>
</arguments>
<msg timestamp="20190103 12:06:22.924" level="INFO">Opening browser 'Chrome' to base url 'https://www.behance.net/'.</msg>
<status status="PASS" starttime="20190103 12:06:22.923" endtime="20190103 12:06:25.423"></status>
</kw>
<kw name="Maximize Browser Window" library="SeleniumLibrary">
<doc>Maximizes current browser window.</doc>
<status status="PASS" starttime="20190103 12:06:25.423" endtime="20190103 12:06:27.934"></status>
</kw>
<kw name="Set Selenium Speed" library="SeleniumLibrary">
<doc>Sets the delay that is waited after each Selenium command.</doc>
<arguments>
<arg>${DELAY}</arg>
</arguments>
<status status="PASS" starttime="20190103 12:06:27.935" endtime="20190103 12:06:27.935"></status>
</kw>
<kw name="Get Element Count" library="SeleniumLibrary">
<doc>Returns number of elements matching ``locator``.</doc>
<arguments>
<arg>${ACCEPT COOKIES BUTTON}</arg>
</arguments>
<assign>
<var>${count}</var>
</assign>
<msg timestamp="20190103 12:06:27.952" level="INFO">${count} = 1</msg>
<status status="PASS" starttime="20190103 12:06:27.935" endtime="20190103 12:06:27.952"></status>
</kw>
<kw name="Run Keyword If" library="BuiltIn">
<doc>Runs the given keyword with the given arguments, if ``condition`` is true.</doc>
<arguments>
<arg>${count} &gt; 0</arg>
<arg>Accept Cookies Message</arg>
</arguments>
<kw name="Accept Cookies Message" library="BehanceKeywords">
<kw name="Click Button" library="SeleniumLibrary">
<doc>Clicks button identified by ``locator``.</doc>
<arguments>
<arg>${ACCEPT COOKIES BUTTON}</arg>
</arguments>
<msg timestamp="20190103 12:06:27.953" level="INFO">Clicking button '//button[@id='_evidon-accept-button']'.</msg>
<status status="PASS" starttime="20190103 12:06:27.953" endtime="20190103 12:06:28.027"></status>
</kw>
<status status="PASS" starttime="20190103 12:06:27.953" endtime="20190103 12:06:28.027"></status>
</kw>
<status status="PASS" starttime="20190103 12:06:27.952" endtime="20190103 12:06:28.027"></status>
</kw>
<kw name="Get Window Titles" library="SeleniumLibrary">
<doc>Returns and logs titles of all known browser windows.</doc>
<msg timestamp="20190103 12:06:28.055" level="INFO">Altogether 1 item.
1: Behance :: Najlepsze w Behance</msg>
<status status="PASS" starttime="20190103 12:06:28.027" endtime="20190103 12:06:28.056"></status>
</kw>
<status status="PASS" starttime="20190103 12:06:22.923" endtime="20190103 12:06:28.056"></status>
</kw>
<kw name="Go To Search Page" library="BehanceKeywords">
<kw name="Click Element" library="SeleniumLibrary">
<doc>Click element identified by ``locator``.</doc>
<arguments>
<arg>${GLO SEARCH BUTTON}</arg>
</arguments>
<msg timestamp="20190103 12:06:28.057" level="INFO">Clicking element '//li/a[contains(@class,'rf-primary-nav__link')][contains(@href,'search')]'.</msg>
<status status="PASS" starttime="20190103 12:06:28.056" endtime="20190103 12:06:29.399"></status>
</kw>
<kw name="Page Should Contain Element" library="SeleniumLibrary">
<doc>Verifies that element ``locator`` is found on the current page.</doc>
<arguments>
<arg>${FEAT PROJECT COVERS}</arg>
</arguments>
<msg timestamp="20190103 12:06:29.415" level="INFO">Current page contains element '//a[contains(@class,'rf-project-cover__title')]'.</msg>
<status status="PASS" starttime="20190103 12:06:29.399" endtime="20190103 12:06:29.416"></status>
</kw>
<status status="PASS" starttime="20190103 12:06:28.056" endtime="20190103 12:06:29.416"></status>
</kw>
<kw name="Search Behance" library="BehanceKeywords">
<arguments>
<arg>Christmas tree</arg>
</arguments>
<kw name="Input Text" library="SeleniumLibrary">
<doc>Types the given ``text`` into text field identified by ``locator``.</doc>
<arguments>
<arg>${SEARCH BEHANCE INPUT FIELD}</arg>
<arg>${searchkeyword}</arg>
</arguments>
<msg timestamp="20190103 12:06:29.417" level="INFO">Typing text 'Christmas tree' into text field '//input[@name='search']'.</msg>
<status status="PASS" starttime="20190103 12:06:29.416" endtime="20190103 12:06:29.608"></status>
</kw>
<kw name="Press Key" library="SeleniumLibrary">
<doc>Simulates user pressing key on element identified by ``locator``.</doc>
<arguments>
<arg>${SEARCH BEHANCE INPUT FIELD}</arg>
<arg>\\13</arg>
</arguments>
<status status="PASS" starttime="20190103 12:06:29.608" endtime="20190103 12:06:29.688"></status>
</kw>
<kw name="Wait Until Element Is Not Visible" library="SeleniumLibrary">
<doc>Waits until element ``locator`` is not visible.</doc>
<arguments>
<arg>${LOADING SEARCH RESULTS INDICATOR}</arg>
</arguments>
<status status="PASS" starttime="20190103 12:06:29.688" endtime="20190103 12:06:30.307"></status>
</kw>
<status status="PASS" starttime="20190103 12:06:29.416" endtime="20190103 12:06:30.307"></status>
</kw>
<kw name="Choose Specific Project" library="BehanceKeywords">
<doc>Choose number from 0 to 10. Larger numbers would require scrolling element into view which is not implemented.</doc>
<arguments>
<arg>1</arg>
</arguments>
<kw name="Click Element" library="SeleniumLibrary">
<doc>Click element identified by ``locator``.</doc>
<arguments>
<arg>(${FEAT PROJECT COVERS})[${projectnumber}]</arg>
</arguments>
<msg timestamp="20190103 12:06:30.309" level="INFO">Clicking element '(//a[contains(@class,'rf-project-cover__title')])[1]'.</msg>
<status status="PASS" starttime="20190103 12:06:30.308" endtime="20190103 12:06:30.496"></status>
</kw>
<status status="PASS" starttime="20190103 12:06:30.308" endtime="20190103 12:06:30.496"></status>
</kw>
<kw name="View Details Of Project" library="BehanceKeywords">
<kw name="Wait Until Page Contains Element" library="SeleniumLibrary">
<doc>Waits until element ``locator`` appears on current page.</doc>
<arguments>
<arg>${PROJECT CONTENT COMMENTS SECTION}</arg>
</arguments>
<status status="PASS" starttime="20190103 12:06:30.497" endtime="20190103 12:06:31.206"></status>
</kw>
<kw name="Page Should Contain Element" library="SeleniumLibrary">
<doc>Verifies that element ``locator`` is found on the current page.</doc>
<arguments>
<arg>${PROJECT CONTENT PROJECT TITLE}</arg>
</arguments>
<msg timestamp="20190103 12:06:31.221" level="INFO">Current page contains element '//div[contains(@class,'project-title')]'.</msg>
<status status="PASS" starttime="20190103 12:06:31.206" endtime="20190103 12:06:31.221"></status>
</kw>
<kw name="Capture Page Screenshot" library="SeleniumLibrary">
<doc>Takes screenshot of the current page and embeds it into log file.</doc>
<msg timestamp="20190103 12:06:31.646" level="INFO" html="yes">&lt;/td&gt;&lt;/tr&gt;&lt;tr&gt;&lt;td colspan="3"&gt;&lt;a href="Screenshot/selenium-screenshot-83.png"&gt;&lt;img src="Screenshot/selenium-screenshot-83.png" width="800px"&gt;&lt;/a&gt;</msg>
<status status="PASS" starttime="20190103 12:06:31.221" endtime="20190103 12:06:31.647"></status>
</kw>
<kw name="Scroll Element Into View" library="SeleniumLibrary">
<doc>Scrolls an element identified by ``locator`` into view.</doc>
<arguments>
<arg>${PROJECT CONTENT COMMENTS SECTION}</arg>
</arguments>
<status status="PASS" starttime="20190103 12:06:31.647" endtime="20190103 12:06:31.686"></status>
</kw>
<kw name="Scroll Element Into View" library="SeleniumLibrary">
<doc>Scrolls an element identified by ``locator`` into view.</doc>
<arguments>
<arg>${PROJECT CONTENT PROJECT TITLE}</arg>
</arguments>
<status status="PASS" starttime="20190103 12:06:31.686" endtime="20190103 12:06:31.716"></status>
</kw>
<status status="PASS" starttime="20190103 12:06:30.496" endtime="20190103 12:06:31.716"></status>
</kw>
<kw name="Close Project Details" library="BehanceKeywords">
<kw name="Click Element" library="SeleniumLibrary">
<doc>Click element identified by ``locator``.</doc>
<arguments>
<arg>${PROJECT CLOSE BUTTON}</arg>
</arguments>
<msg timestamp="20190103 12:06:31.717" level="INFO">Clicking element '//div[@class='js-close-dialog']/*[contains(@class,'rf-icon')]'.</msg>
<status status="PASS" starttime="20190103 12:06:31.717" endtime="20190103 12:06:31.816"></status>
</kw>
<kw name="Capture Page Screenshot" library="SeleniumLibrary">
<doc>Takes screenshot of the current page and embeds it into log file.</doc>
<msg timestamp="20190103 12:06:32.362" level="INFO" html="yes">&lt;/td&gt;&lt;/tr&gt;&lt;tr&gt;&lt;td colspan="3"&gt;&lt;a href="Screenshot/selenium-screenshot-84.png"&gt;&lt;img src="Screenshot/selenium-screenshot-84.png" width="800px"&gt;&lt;/a&gt;</msg>
<status status="PASS" starttime="20190103 12:06:31.816" endtime="20190103 12:06:32.362"></status>
</kw>
<status status="PASS" starttime="20190103 12:06:31.717" endtime="20190103 12:06:32.362"></status>
</kw>
<kw name="Close Browser" library="SeleniumLibrary" type="teardown">
<doc>Closes the current browser.</doc>
<status status="PASS" starttime="20190103 12:06:32.363" endtime="20190103 12:06:34.523"></status>
</kw>
<tags>
<tag>Search</tag>
</tags>
<timeout value="15 seconds"></timeout>
<status status="PASS" starttime="20190103 12:06:22.922" endtime="20190103 12:06:34.523" critical="yes"></status>
</test>
<doc>An example test file with Behance key features tests - Featured and Careers

</doc>
<status status="PASS" starttime="20190103 12:05:53.176" endtime="20190103 12:06:34.525"></status>
</suite>
<statistics>
<total>
<stat pass="4" fail="0">Critical Tests</stat>
<stat pass="4" fail="0">All Tests</stat>
</total>
<tag>
<stat pass="1" fail="0">Careers</stat>
<stat pass="2" fail="0">Discover</stat>
<stat pass="1" fail="0">Search</stat>
</tag>
<suite>
<stat pass="4" fail="0" id="s1" name="BehanceKeyFeaturesTests">BehanceKeyFeaturesTests</stat>
</suite>
</statistics>
<errors>
</errors>
</robot>
