<?xml version="1.0" encoding="UTF-8"?>
<robot generator="Robot 3.1 (Python 3.7.1 on win32)" generated="20190102 22:00:02.700" rpa="false">
<suite id="s1" name="BehanceKeyFeaturesTests" source="D:\Dokumenty\automation projects\automateBehance\BehanceKeyFeaturesTests.robot">
<test id="s1-t1" name="Discover Random Featured">
<kw name="Open Browser to Home Page" library="BehanceKeywords" type="setup">
<kw name="Open Browser" library="SeleniumLibrary">
<doc>Opens a new browser instance to the given ``url``.</doc>
<arguments>
<arg>${APP URL}</arg>
<arg>${BROWSER}</arg>
</arguments>
<msg timestamp="20190102 22:00:02.848" level="INFO">Opening browser 'Chrome' to base url 'https://www.behance.net/'.</msg>
<status status="PASS" starttime="20190102 22:00:02.848" endtime="20190102 22:00:05.658"></status>
</kw>
<kw name="Maximize Browser Window" library="SeleniumLibrary">
<doc>Maximizes current browser window.</doc>
<status status="PASS" starttime="20190102 22:00:05.658" endtime="20190102 22:00:08.382"></status>
</kw>
<kw name="Set Selenium Speed" library="SeleniumLibrary">
<doc>Sets the delay that is waited after each Selenium command.</doc>
<arguments>
<arg>${DELAY}</arg>
</arguments>
<status status="PASS" starttime="20190102 22:00:08.382" endtime="20190102 22:00:08.382"></status>
</kw>
<kw name="Get Element Count" library="SeleniumLibrary">
<doc>Returns number of elements matching ``locator``.</doc>
<arguments>
<arg>${ACCEPT COOKIES BUTTON}</arg>
</arguments>
<assign>
<var>${COUNT}</var>
</assign>
<msg timestamp="20190102 22:00:08.398" level="INFO">${COUNT} = 1</msg>
<status status="PASS" starttime="20190102 22:00:08.383" endtime="20190102 22:00:08.399"></status>
</kw>
<kw name="Run Keyword If" library="BuiltIn">
<doc>Runs the given keyword with the given arguments, if ``condition`` is true.</doc>
<arguments>
<arg>${COUNT} &gt; 0</arg>
<arg>Accept Cookies Message</arg>
</arguments>
<kw name="Accept Cookies Message" library="BehanceKeywords">
<kw name="Click Button" library="SeleniumLibrary">
<doc>Clicks button identified by ``locator``.</doc>
<arguments>
<arg>${ACCEPT COOKIES BUTTON}</arg>
</arguments>
<msg timestamp="20190102 22:00:08.400" level="INFO">Clicking button 'xpath://button[@id='_evidon-accept-button']'.</msg>
<status status="PASS" starttime="20190102 22:00:08.399" endtime="20190102 22:00:08.474"></status>
</kw>
<status status="PASS" starttime="20190102 22:00:08.399" endtime="20190102 22:00:08.475"></status>
</kw>
<status status="PASS" starttime="20190102 22:00:08.399" endtime="20190102 22:00:08.475"></status>
</kw>
<kw name="Get Window Titles" library="SeleniumLibrary">
<doc>Returns and logs titles of all known browser windows.</doc>
<msg timestamp="20190102 22:00:08.507" level="INFO">Altogether 1 item.
1: Behance :: Najlepsze w Behance</msg>
<status status="PASS" starttime="20190102 22:00:08.475" endtime="20190102 22:00:08.507"></status>
</kw>
<status status="PASS" starttime="20190102 22:00:02.848" endtime="20190102 22:00:08.507"></status>
</kw>
<kw name="Go To Featured Page" library="BehanceKeywords">
<kw name="Click Element" library="SeleniumLibrary">
<doc>Click element identified by ``locator``.</doc>
<arguments>
<arg>${GLO FEATURED SECTION}</arg>
</arguments>
<msg timestamp="20190102 22:00:08.508" level="INFO">Clicking element 'xpath://li/a[contains(@class,'rf-primary-nav__link')][contains(@href,'featured')]'.</msg>
<status status="PASS" starttime="20190102 22:00:08.508" endtime="20190102 22:00:09.662"></status>
</kw>
<kw name="Page Should Contain Element" library="SeleniumLibrary">
<doc>Verifies that element ``locator`` is found on the current page.</doc>
<arguments>
<arg>${FEAT PROJECT COVERS}</arg>
</arguments>
<msg timestamp="20190102 22:00:09.679" level="INFO">Current page contains element 'xpath://a[contains(@class,'rf-project-cover__title')]'.</msg>
<status status="PASS" starttime="20190102 22:00:09.663" endtime="20190102 22:00:09.679"></status>
</kw>
<status status="PASS" starttime="20190102 22:00:08.507" endtime="20190102 22:00:09.679"></status>
</kw>
<kw name="Close Browser" library="SeleniumLibrary" type="teardown">
<doc>Closes the current browser.</doc>
<status status="PASS" starttime="20190102 22:00:09.679" endtime="20190102 22:00:11.821"></status>
</kw>
<status status="PASS" starttime="20190102 22:00:02.847" endtime="20190102 22:00:11.821" critical="yes"></status>
</test>
<test id="s1-t2" name="Browse Careers Page">
<kw name="Open Browser to Home Page" library="BehanceKeywords" type="setup">
<kw name="Open Browser" library="SeleniumLibrary">
<doc>Opens a new browser instance to the given ``url``.</doc>
<arguments>
<arg>${APP URL}</arg>
<arg>${BROWSER}</arg>
</arguments>
<msg timestamp="20190102 22:00:11.823" level="INFO">Opening browser 'Chrome' to base url 'https://www.behance.net/'.</msg>
<status status="PASS" starttime="20190102 22:00:11.823" endtime="20190102 22:00:14.535"></status>
</kw>
<kw name="Maximize Browser Window" library="SeleniumLibrary">
<doc>Maximizes current browser window.</doc>
<status status="PASS" starttime="20190102 22:00:14.535" endtime="20190102 22:00:17.411"></status>
</kw>
<kw name="Set Selenium Speed" library="SeleniumLibrary">
<doc>Sets the delay that is waited after each Selenium command.</doc>
<arguments>
<arg>${DELAY}</arg>
</arguments>
<status status="PASS" starttime="20190102 22:00:17.411" endtime="20190102 22:00:17.411"></status>
</kw>
<kw name="Get Element Count" library="SeleniumLibrary">
<doc>Returns number of elements matching ``locator``.</doc>
<arguments>
<arg>${ACCEPT COOKIES BUTTON}</arg>
</arguments>
<assign>
<var>${COUNT}</var>
</assign>
<msg timestamp="20190102 22:00:17.430" level="INFO">${COUNT} = 1</msg>
<status status="PASS" starttime="20190102 22:00:17.411" endtime="20190102 22:00:17.430"></status>
</kw>
<kw name="Run Keyword If" library="BuiltIn">
<doc>Runs the given keyword with the given arguments, if ``condition`` is true.</doc>
<arguments>
<arg>${COUNT} &gt; 0</arg>
<arg>Accept Cookies Message</arg>
</arguments>
<kw name="Accept Cookies Message" library="BehanceKeywords">
<kw name="Click Button" library="SeleniumLibrary">
<doc>Clicks button identified by ``locator``.</doc>
<arguments>
<arg>${ACCEPT COOKIES BUTTON}</arg>
</arguments>
<msg timestamp="20190102 22:00:17.431" level="INFO">Clicking button 'xpath://button[@id='_evidon-accept-button']'.</msg>
<status status="PASS" starttime="20190102 22:00:17.430" endtime="20190102 22:00:17.511"></status>
</kw>
<status status="PASS" starttime="20190102 22:00:17.430" endtime="20190102 22:00:17.511"></status>
</kw>
<status status="PASS" starttime="20190102 22:00:17.430" endtime="20190102 22:00:17.512"></status>
</kw>
<kw name="Get Window Titles" library="SeleniumLibrary">
<doc>Returns and logs titles of all known browser windows.</doc>
<msg timestamp="20190102 22:00:17.531" level="INFO">Altogether 1 item.
1: Behance :: Najlepsze w Behance</msg>
<status status="PASS" starttime="20190102 22:00:17.512" endtime="20190102 22:00:17.531"></status>
</kw>
<status status="PASS" starttime="20190102 22:00:11.823" endtime="20190102 22:00:17.531"></status>
</kw>
<kw name="Go To Careers Page" library="BehanceKeywords">
<kw name="Click Element" library="SeleniumLibrary">
<doc>Click element identified by ``locator``.</doc>
<arguments>
<arg>${GLO CAREERS SECTION}</arg>
</arguments>
<msg timestamp="20190102 22:00:17.532" level="INFO">Clicking element 'xpath://li/a[contains(@class,'rf-primary-nav__link')][contains(@href,'joblist')]'.</msg>
<status status="PASS" starttime="20190102 22:00:17.532" endtime="20190102 22:00:18.875"></status>
</kw>
<kw name="Page Should Contain Element" library="SeleniumLibrary">
<doc>Verifies that element ``locator`` is found on the current page.</doc>
<arguments>
<arg>${GLO CAREERS SECTION}</arg>
</arguments>
<msg timestamp="20190102 22:00:18.886" level="INFO">Current page contains element 'xpath://li/a[contains(@class,'rf-primary-nav__link')][contains(@href,'joblist')]'.</msg>
<status status="PASS" starttime="20190102 22:00:18.875" endtime="20190102 22:00:18.886"></status>
</kw>
<status status="PASS" starttime="20190102 22:00:17.532" endtime="20190102 22:00:18.886"></status>
</kw>
<kw name="Close Browser" library="SeleniumLibrary" type="teardown">
<doc>Closes the current browser.</doc>
<status status="PASS" starttime="20190102 22:00:18.887" endtime="20190102 22:00:21.039"></status>
</kw>
<status status="PASS" starttime="20190102 22:00:11.822" endtime="20190102 22:00:21.039" critical="yes"></status>
</test>
<test id="s1-t3" name="Search Behance">
<kw name="Open Browser to Home Page" library="BehanceKeywords" type="setup">
<kw name="Open Browser" library="SeleniumLibrary">
<doc>Opens a new browser instance to the given ``url``.</doc>
<arguments>
<arg>${APP URL}</arg>
<arg>${BROWSER}</arg>
</arguments>
<msg timestamp="20190102 22:00:21.042" level="INFO">Opening browser 'Chrome' to base url 'https://www.behance.net/'.</msg>
<status status="PASS" starttime="20190102 22:00:21.041" endtime="20190102 22:00:23.629"></status>
</kw>
<kw name="Maximize Browser Window" library="SeleniumLibrary">
<doc>Maximizes current browser window.</doc>
<status status="PASS" starttime="20190102 22:00:23.630" endtime="20190102 22:00:26.087"></status>
</kw>
<kw name="Set Selenium Speed" library="SeleniumLibrary">
<doc>Sets the delay that is waited after each Selenium command.</doc>
<arguments>
<arg>${DELAY}</arg>
</arguments>
<status status="PASS" starttime="20190102 22:00:26.088" endtime="20190102 22:00:26.088"></status>
</kw>
<kw name="Get Element Count" library="SeleniumLibrary">
<doc>Returns number of elements matching ``locator``.</doc>
<arguments>
<arg>${ACCEPT COOKIES BUTTON}</arg>
</arguments>
<assign>
<var>${COUNT}</var>
</assign>
<msg timestamp="20190102 22:00:26.106" level="INFO">${COUNT} = 1</msg>
<status status="PASS" starttime="20190102 22:00:26.088" endtime="20190102 22:00:26.106"></status>
</kw>
<kw name="Run Keyword If" library="BuiltIn">
<doc>Runs the given keyword with the given arguments, if ``condition`` is true.</doc>
<arguments>
<arg>${COUNT} &gt; 0</arg>
<arg>Accept Cookies Message</arg>
</arguments>
<kw name="Accept Cookies Message" library="BehanceKeywords">
<kw name="Click Button" library="SeleniumLibrary">
<doc>Clicks button identified by ``locator``.</doc>
<arguments>
<arg>${ACCEPT COOKIES BUTTON}</arg>
</arguments>
<msg timestamp="20190102 22:00:26.107" level="INFO">Clicking button 'xpath://button[@id='_evidon-accept-button']'.</msg>
<status status="PASS" starttime="20190102 22:00:26.107" endtime="20190102 22:00:26.193"></status>
</kw>
<status status="PASS" starttime="20190102 22:00:26.106" endtime="20190102 22:00:26.193"></status>
</kw>
<status status="PASS" starttime="20190102 22:00:26.106" endtime="20190102 22:00:26.193"></status>
</kw>
<kw name="Get Window Titles" library="SeleniumLibrary">
<doc>Returns and logs titles of all known browser windows.</doc>
<msg timestamp="20190102 22:00:26.242" level="INFO">Altogether 1 item.
1: Behance :: Najlepsze w Behance</msg>
<status status="PASS" starttime="20190102 22:00:26.193" endtime="20190102 22:00:26.243"></status>
</kw>
<status status="PASS" starttime="20190102 22:00:21.041" endtime="20190102 22:00:26.243"></status>
</kw>
<kw name="Go To Search Page" library="BehanceKeywords">
<kw name="Click Element" library="SeleniumLibrary">
<doc>Click element identified by ``locator``.</doc>
<arguments>
<arg>${GLO SEARCH BUTTON}</arg>
</arguments>
<msg timestamp="20190102 22:00:26.244" level="INFO">Clicking element 'xpath://li/a[contains(@class,'rf-primary-nav__link')][contains(@href,'search')]'.</msg>
<status status="PASS" starttime="20190102 22:00:26.244" endtime="20190102 22:00:28.063"></status>
</kw>
<kw name="Page Should Contain Element" library="SeleniumLibrary">
<doc>Verifies that element ``locator`` is found on the current page.</doc>
<arguments>
<arg>${GLO SEARCH BUTTON}</arg>
</arguments>
<msg timestamp="20190102 22:00:28.073" level="INFO">Current page contains element 'xpath://li/a[contains(@class,'rf-primary-nav__link')][contains(@href,'search')]'.</msg>
<status status="PASS" starttime="20190102 22:00:28.063" endtime="20190102 22:00:28.073"></status>
</kw>
<status status="PASS" starttime="20190102 22:00:26.243" endtime="20190102 22:00:28.073"></status>
</kw>
<kw name="Close Browser" library="SeleniumLibrary" type="teardown">
<doc>Closes the current browser.</doc>
<status status="PASS" starttime="20190102 22:00:28.074" endtime="20190102 22:00:30.225"></status>
</kw>
<status status="PASS" starttime="20190102 22:00:21.041" endtime="20190102 22:00:30.225" critical="yes"></status>
</test>
<doc>An example test file with Behance key features tests - Featured and Careers

</doc>
<status status="PASS" starttime="20190102 22:00:02.700" endtime="20190102 22:00:30.226"></status>
</suite>
<statistics>
<total>
<stat pass="3" fail="0">Critical Tests</stat>
<stat pass="3" fail="0">All Tests</stat>
</total>
<tag>
</tag>
<suite>
<stat pass="3" fail="0" id="s1" name="BehanceKeyFeaturesTests">BehanceKeyFeaturesTests</stat>
</suite>
</statistics>
<errors>
</errors>
</robot>
